<?xml version="1.0" encoding="UTF-8"?>
<!-- Generated by org.testng.reporters.JUnitReportReporter -->
<testsuite skipped="0" hostname="DESKTOP-5TL98JR" name="testCases.MainTestCases" tests="22" failures="0" timestamp="2020-06-17T16:23:52 IST" time="180.396" errors="0">
  <testcase name="Test_Browser_And_URL_Invoked_Correctly" time="65.259" classname="testCases.MainTestCases"/>
  <system-out/>
  <testcase name="Test_MainPage_Title_Matches_Correctly" time="3.405" classname="testCases.MainTestCases"/>
  <system-out/>
  <testcase name="Test_City_Is_Selected_Correctly" time="8.301" classname="testCases.MainTestCases"/>
  <system-out/>
  <testcase name="Test_Popup_Is_Ignored" time="1.903" classname="testCases.MainTestCases"/>
  <system-out/>
  <testcase name="Test_Signin_Button_Is_clicked" time="1.934" classname="testCases.MainTestCases"/>
  <system-out/>
  <testcase name="Test_Continue_Via_Google_Button_Is_Clicked" time="0.477" classname="testCases.MainTestCases"/>
  <system-out/>
  <testcase name="Test_Invalid_UserName" time="4.745" classname="testCases.MainTestCases"/>
  <system-out/>
  <testcase name="Test_Invalid_Password" time="7.468" classname="testCases.MainTestCases"/>
  <system-out/>
  <testcase name="Test_Blank_UserName" time="2.598" classname="testCases.MainTestCases"/>
  <system-out/>
  <testcase name="Test_Blank_Password" time="4.782" classname="testCases.MainTestCases"/>
  <system-out/>
  <testcase name="Test_Signing_In_Appears_Correctly" time="9.735" classname="testCases.MainTestCases"/>
  <system-out/>
  <testcase name="Test_Sports_Is_Clicked" time="15.821" classname="testCases.MainTestCases"/>
  <system-out/>
  <testcase name="Test_Sports_Available_Are_Displayed" time="3.118" classname="testCases.MainTestCases"/>
  <system-out/>
  <testcase name="Test_Weekend_Is_clicked" time="3.288" classname="testCases.MainTestCases"/>
  <system-out/>
  <testcase name="Test_Sports_Availabe_Are_Displayed_After_Selecting_Weekend" time="3.142" classname="testCases.MainTestCases"/>
  <system-out/>
  <testcase name="Test_PriceRange_Is_clicked" time="3.225" classname="testCases.MainTestCases"/>
  <system-out/>
  <testcase name="Test_Minimum_Is_clicked" time="3.413" classname="testCases.MainTestCases"/>
  <system-out/>
  <testcase name="Test_Sports_Availabe_Are_Displayed_After_Selecting_MinimumRange" time="6.406" classname="testCases.MainTestCases"/>
  <system-out/>
  <testcase name="Test_Window_Navigates_To_Movie_Page" time="29.513" classname="testCases.MainTestCases"/>
  <system-out/>
  <testcase name="Test_Movies_Are_Displayed" time="0.995" classname="testCases.MainTestCases"/>
  <system-out/>
  <testcase name="Test_Languages_Are_Extracted_And_Stored_In_List" time="0.829" classname="testCases.MainTestCases"/>
  <system-out/>
  <testcase name="Test_Languages_Are_Displayed" time="0.039" classname="testCases.MainTestCases"/>
  <system-out/>
</testsuite> <!-- testCases.MainTestCases -->
