<?xml version="1.0" encoding="UTF-8"?>
<!-- Generated by org.testng.reporters.JUnitReportReporter -->
<testsuite skipped="0" hostname="DESKTOP-5TL98JR" name="testCases.TestCases" tests="22" failures="0" timestamp="2020-06-18T19:36:40 IST" time="195.808" errors="0">
  <testcase name="Test_Browser_And_URL_Invoked_Correctly" time="47.244" classname="testCases.TestCases"/>
  <system-out/>
  <testcase name="Test_MainPage_Title_Matches_Correctly" time="3.388" classname="testCases.TestCases"/>
  <system-out/>
  <testcase name="Test_City_Is_Selected_Correctly" time="8.750" classname="testCases.TestCases"/>
  <system-out/>
  <testcase name="Test_Popup_Is_Ignored" time="1.134" classname="testCases.TestCases"/>
  <system-out/>
  <testcase name="Test_Signin_Button_Is_clicked" time="3.844" classname="testCases.TestCases"/>
  <system-out/>
  <testcase name="Test_Continue_Via_Google_Button_Is_Clicked" time="0.504" classname="testCases.TestCases"/>
  <system-out/>
  <testcase name="Test_Invalid_UserName" time="9.982" classname="testCases.TestCases"/>
  <system-out/>
  <testcase name="Test_Invalid_Password" time="20.426" classname="testCases.TestCases"/>
  <system-out/>
  <testcase name="Test_Blank_UserName" time="11.601" classname="testCases.TestCases"/>
  <system-out/>
  <testcase name="Test_Blank_Password" time="6.609" classname="testCases.TestCases"/>
  <system-out/>
  <testcase name="Test_Signing_In_Appears_Correctly" time="8.494" classname="testCases.TestCases"/>
  <system-out/>
  <testcase name="Test_Sports_Is_Clicked" time="17.795" classname="testCases.TestCases"/>
  <system-out/>
  <testcase name="Test_Sports_Available_Are_Displayed" time="3.212" classname="testCases.TestCases"/>
  <system-out/>
  <testcase name="Test_Weekend_Is_clicked" time="3.298" classname="testCases.TestCases"/>
  <system-out/>
  <testcase name="Test_Sports_Availabe_Are_Displayed_After_Selecting_Weekend" time="3.180" classname="testCases.TestCases"/>
  <system-out/>
  <testcase name="Test_PriceRange_Is_clicked" time="3.297" classname="testCases.TestCases"/>
  <system-out/>
  <testcase name="Test_Minimum_Is_clicked" time="3.416" classname="testCases.TestCases"/>
  <system-out/>
  <testcase name="Test_Sports_Availabe_Are_Displayed_After_Selecting_MinimumRange" time="6.375" classname="testCases.TestCases"/>
  <system-out/>
  <testcase name="Test_Window_Navigates_To_Movie_Page" time="31.377" classname="testCases.TestCases"/>
  <system-out/>
  <testcase name="Test_Movies_Are_Displayed" time="0.830" classname="testCases.TestCases"/>
  <system-out/>
  <testcase name="Test_Languages_Are_Extracted_And_Stored_In_List" time="0.994" classname="testCases.TestCases"/>
  <system-out/>
  <testcase name="Test_Languages_Are_Displayed" time="0.058" classname="testCases.TestCases"/>
  <system-out/>
</testsuite> <!-- testCases.TestCases -->
